<?xml version="1.0" encoding="UTF-8"?>
<testsuite name="com.cos.fluxdemo.domain.web.CustomerControllerTest" tests="1" skipped="0" failures="0" errors="0" timestamp="2022-10-06T12:23:59" hostname="oyleui-MacBookAir.local" time="0.534">
  <properties/>
  <testcase name="한건찾기_테스트()" classname="com.cos.fluxdemo.domain.web.CustomerControllerTest" time="0.534"/>
  <system-out><![CDATA[21:23:55.409 [Test worker] DEBUG org.springframework.test.context.BootstrapUtils - Instantiating CacheAwareContextLoaderDelegate from class [org.springframework.test.context.cache.DefaultCacheAwareContextLoaderDelegate]
21:23:55.421 [Test worker] DEBUG org.springframework.test.context.BootstrapUtils - Instantiating BootstrapContext using constructor [public org.springframework.test.context.support.DefaultBootstrapContext(java.lang.Class,org.springframework.test.context.CacheAwareContextLoaderDelegate)]
21:23:55.468 [Test worker] DEBUG org.springframework.test.context.BootstrapUtils - Instantiating TestContextBootstrapper for test class [com.cos.fluxdemo.domain.web.CustomerControllerTest] from class [org.springframework.boot.test.context.SpringBootTestContextBootstrapper]
21:23:55.482 [Test worker] INFO org.springframework.boot.test.context.SpringBootTestContextBootstrapper - Neither @ContextConfiguration nor @ContextHierarchy found for test class [com.cos.fluxdemo.domain.web.CustomerControllerTest], using SpringBootContextLoader
21:23:55.487 [Test worker] DEBUG org.springframework.test.context.support.AbstractContextLoader - Did not detect default resource location for test class [com.cos.fluxdemo.domain.web.CustomerControllerTest]: class path resource [com/cos/fluxdemo/domain/web/CustomerControllerTest-context.xml] does not exist
21:23:55.487 [Test worker] DEBUG org.springframework.test.context.support.AbstractContextLoader - Did not detect default resource location for test class [com.cos.fluxdemo.domain.web.CustomerControllerTest]: class path resource [com/cos/fluxdemo/domain/web/CustomerControllerTestContext.groovy] does not exist
21:23:55.488 [Test worker] INFO org.springframework.test.context.support.AbstractContextLoader - Could not detect default resource locations for test class [com.cos.fluxdemo.domain.web.CustomerControllerTest]: no resource found for suffixes {-context.xml, Context.groovy}.
21:23:55.489 [Test worker] INFO org.springframework.test.context.support.AnnotationConfigContextLoaderUtils - Could not detect default configuration classes for test class [com.cos.fluxdemo.domain.web.CustomerControllerTest]: CustomerControllerTest does not declare any static, non-private, non-final, nested classes annotated with @Configuration.
21:23:55.568 [Test worker] DEBUG org.springframework.test.context.support.ActiveProfilesUtils - Could not find an 'annotation declaring class' for annotation type [org.springframework.test.context.ActiveProfiles] and class [com.cos.fluxdemo.domain.web.CustomerControllerTest]
21:23:55.679 [Test worker] DEBUG org.springframework.context.annotation.ClassPathScanningCandidateComponentProvider - Identified candidate component class: file [/Users/oyle/IdeaProjects/fluxdemo/build/classes/java/main/com/cos/fluxdemo/FluxdemoApplication.class]
21:23:55.681 [Test worker] INFO org.springframework.boot.test.context.SpringBootTestContextBootstrapper - Found @SpringBootConfiguration com.cos.fluxdemo.FluxdemoApplication for test class com.cos.fluxdemo.domain.web.CustomerControllerTest
21:23:55.786 [Test worker] DEBUG org.springframework.boot.test.context.SpringBootTestContextBootstrapper - @TestExecutionListeners is not present for class [com.cos.fluxdemo.domain.web.CustomerControllerTest]: using defaults.
21:23:55.787 [Test worker] INFO org.springframework.boot.test.context.SpringBootTestContextBootstrapper - Loaded default TestExecutionListener class names from location [META-INF/spring.factories]: [org.springframework.boot.test.autoconfigure.restdocs.RestDocsTestExecutionListener, org.springframework.boot.test.autoconfigure.web.client.MockRestServiceServerResetTestExecutionListener, org.springframework.boot.test.autoconfigure.web.servlet.MockMvcPrintOnlyOnFailureTestExecutionListener, org.springframework.boot.test.autoconfigure.web.servlet.WebDriverTestExecutionListener, org.springframework.boot.test.autoconfigure.webservices.client.MockWebServiceServerTestExecutionListener, org.springframework.boot.test.mock.mockito.MockitoTestExecutionListener, org.springframework.boot.test.mock.mockito.ResetMocksTestExecutionListener, org.springframework.test.context.web.ServletTestExecutionListener, org.springframework.test.context.support.DirtiesContextBeforeModesTestExecutionListener, org.springframework.test.context.event.ApplicationEventsTestExecutionListener, org.springframework.test.context.support.DependencyInjectionTestExecutionListener, org.springframework.test.context.support.DirtiesContextTestExecutionListener, org.springframework.test.context.transaction.TransactionalTestExecutionListener, org.springframework.test.context.jdbc.SqlScriptsTestExecutionListener, org.springframework.test.context.event.EventPublishingTestExecutionListener]
21:23:55.805 [Test worker] DEBUG org.springframework.boot.test.context.SpringBootTestContextBootstrapper - Skipping candidate TestExecutionListener [org.springframework.test.context.web.ServletTestExecutionListener] due to a missing dependency. Specify custom listener classes or make the default listener classes and their required dependencies available. Offending class: [javax/servlet/ServletContext]
21:23:55.816 [Test worker] INFO org.springframework.boot.test.context.SpringBootTestContextBootstrapper - Using TestExecutionListeners: [org.springframework.test.context.support.DirtiesContextBeforeModesTestExecutionListener@376a312c, org.springframework.test.context.event.ApplicationEventsTestExecutionListener@28d6290, org.springframework.boot.test.mock.mockito.MockitoTestExecutionListener@6ca0256d, org.springframework.boot.test.autoconfigure.SpringBootDependencyInjectionTestExecutionListener@5ef0d29e, org.springframework.test.context.support.DirtiesContextTestExecutionListener@38f57b3d, org.springframework.test.context.transaction.TransactionalTestExecutionListener@51850751, org.springframework.test.context.jdbc.SqlScriptsTestExecutionListener@3ce3db41, org.springframework.test.context.event.EventPublishingTestExecutionListener@64df9a61, org.springframework.boot.test.autoconfigure.restdocs.RestDocsTestExecutionListener@77602954, org.springframework.boot.test.autoconfigure.web.client.MockRestServiceServerResetTestExecutionListener@e260766, org.springframework.boot.test.autoconfigure.web.servlet.MockMvcPrintOnlyOnFailureTestExecutionListener@2c3dec30, org.springframework.boot.test.autoconfigure.web.servlet.WebDriverTestExecutionListener@34a97744, org.springframework.boot.test.autoconfigure.webservices.client.MockWebServiceServerTestExecutionListener@4275c20c, org.springframework.boot.test.mock.mockito.ResetMocksTestExecutionListener@7c56e013]
21:23:55.820 [Test worker] DEBUG org.springframework.test.context.support.AbstractDirtiesContextTestExecutionListener - Before test class: context [DefaultTestContext@2c7d121c testClass = CustomerControllerTest, testInstance = [null], testMethod = [null], testException = [null], mergedContextConfiguration = [ReactiveWebMergedContextConfiguration@65aa6596 testClass = CustomerControllerTest, locations = '{}', classes = '{class com.cos.fluxdemo.FluxdemoApplication}', contextInitializerClasses = '[]', activeProfiles = '{}', propertySourceLocations = '{}', propertySourceProperties = '{org.springframework.boot.test.context.SpringBootTestContextBootstrapper=true}', contextCustomizers = set[org.springframework.boot.test.autoconfigure.actuate.metrics.MetricsExportContextCustomizerFactory$DisableMetricExportContextCustomizer@632ceb35, org.springframework.boot.test.autoconfigure.properties.PropertyMappingContextCustomizer@ec54a5c9, org.springframework.boot.test.autoconfigure.web.servlet.WebDriverContextCustomizerFactory$Customizer@3899782c, [ImportsContextCustomizer@67389cb8 key = [org.springframework.boot.autoconfigure.security.oauth2.client.reactive.ReactiveOAuth2ClientAutoConfiguration, org.springframework.boot.autoconfigure.security.oauth2.resource.reactive.ReactiveOAuth2ResourceServerAutoConfiguration, org.springframework.boot.autoconfigure.security.reactive.ReactiveSecurityAutoConfiguration, org.springframework.boot.autoconfigure.security.reactive.ReactiveUserDetailsServiceAutoConfiguration, org.springframework.boot.test.autoconfigure.web.reactive.WebTestClientAutoConfiguration]], org.springframework.boot.test.context.filter.ExcludeFilterContextCustomizer@6b88ca8c, org.springframework.boot.test.json.DuplicateJsonObjectContextCustomizerFactory$DuplicateJsonObjectContextCustomizer@34158c08, org.springframework.boot.test.mock.mockito.MockitoContextCustomizer@0, org.springframework.boot.test.web.client.TestRestTemplateContextCustomizer@31dadd46, org.springframework.boot.test.web.reactive.server.WebTestClientContextCustomizer@7f132176, org.springframework.boot.test.context.SpringBootTestArgs@1, org.springframework.boot.test.context.SpringBootTestWebEnvironment@fd07cbb], contextLoader = 'org.springframework.boot.test.context.SpringBootContextLoader', parent = [null]], attributes = map[[empty]]], class annotated with @DirtiesContext [false] with mode [null].
21:23:55.841 [Test worker] DEBUG org.springframework.test.context.support.DependencyInjectionTestExecutionListener - Performing dependency injection for test context [[DefaultTestContext@2c7d121c testClass = CustomerControllerTest, testInstance = com.cos.fluxdemo.domain.web.CustomerControllerTest@3efe7086, testMethod = [null], testException = [null], mergedContextConfiguration = [ReactiveWebMergedContextConfiguration@65aa6596 testClass = CustomerControllerTest, locations = '{}', classes = '{class com.cos.fluxdemo.FluxdemoApplication}', contextInitializerClasses = '[]', activeProfiles = '{}', propertySourceLocations = '{}', propertySourceProperties = '{org.springframework.boot.test.context.SpringBootTestContextBootstrapper=true}', contextCustomizers = set[org.springframework.boot.test.autoconfigure.actuate.metrics.MetricsExportContextCustomizerFactory$DisableMetricExportContextCustomizer@632ceb35, org.springframework.boot.test.autoconfigure.properties.PropertyMappingContextCustomizer@ec54a5c9, org.springframework.boot.test.autoconfigure.web.servlet.WebDriverContextCustomizerFactory$Customizer@3899782c, [ImportsContextCustomizer@67389cb8 key = [org.springframework.boot.autoconfigure.security.oauth2.client.reactive.ReactiveOAuth2ClientAutoConfiguration, org.springframework.boot.autoconfigure.security.oauth2.resource.reactive.ReactiveOAuth2ResourceServerAutoConfiguration, org.springframework.boot.autoconfigure.security.reactive.ReactiveSecurityAutoConfiguration, org.springframework.boot.autoconfigure.security.reactive.ReactiveUserDetailsServiceAutoConfiguration, org.springframework.boot.test.autoconfigure.web.reactive.WebTestClientAutoConfiguration]], org.springframework.boot.test.context.filter.ExcludeFilterContextCustomizer@6b88ca8c, org.springframework.boot.test.json.DuplicateJsonObjectContextCustomizerFactory$DuplicateJsonObjectContextCustomizer@34158c08, org.springframework.boot.test.mock.mockito.MockitoContextCustomizer@0, org.springframework.boot.test.web.client.TestRestTemplateContextCustomizer@31dadd46, org.springframework.boot.test.web.reactive.server.WebTestClientContextCustomizer@7f132176, org.springframework.boot.test.context.SpringBootTestArgs@1, org.springframework.boot.test.context.SpringBootTestWebEnvironment@fd07cbb], contextLoader = 'org.springframework.boot.test.context.SpringBootContextLoader', parent = [null]], attributes = map['org.springframework.test.context.event.ApplicationEventsTestExecutionListener.recordApplicationEvents' -> false]]].

  .   ____          _            __ _ _
 /\\ / ___'_ __ _ _(_)_ __  __ _ \ \ \ \
( ( )\___ | '_ | '_| | '_ \/ _` | \ \ \ \
 \\/  ___)| |_)| | | | | || (_| |  ) ) ) )
  '  |____| .__|_| |_|_| |_\__, | / / / /
 =========|_|==============|___/=/_/_/_/
 :: Spring Boot ::                (v2.7.4)

2022-10-06 21:23:56.295  INFO 60572 --- [    Test worker] c.c.f.domain.web.CustomerControllerTest  : Starting CustomerControllerTest using Java 17.0.2 on oyleui-MacBookAir.local with PID 60572 (started by oyle in /Users/oyle/IdeaProjects/fluxdemo)
2022-10-06 21:23:56.298  INFO 60572 --- [    Test worker] c.c.f.domain.web.CustomerControllerTest  : No active profile set, falling back to 1 default profile: "default"
2022-10-06 21:23:57.283  INFO 60572 --- [    Test worker] .s.d.r.c.RepositoryConfigurationDelegate : Bootstrapping Spring Data R2DBC repositories in DEFAULT mode.
2022-10-06 21:23:57.486  INFO 60572 --- [    Test worker] .s.d.r.c.RepositoryConfigurationDelegate : Finished Spring Data repository scanning in 193 ms. Found 1 R2DBC repository interfaces.
2022-10-06 21:23:59.578  INFO 60572 --- [    Test worker] c.c.f.domain.web.CustomerControllerTest  : Started CustomerControllerTest in 3.7 seconds (JVM running for 5.031)
2022-10-06 21:23:59.733  INFO 60572 --- [    Test worker] com.cos.fluxdemo.DBInit                  : Customers found with findAll():
2022-10-06 21:23:59.733  INFO 60572 --- [    Test worker] com.cos.fluxdemo.DBInit                  : -------------------------------
2022-10-06 21:23:59.762  INFO 60572 --- [    Test worker] com.cos.fluxdemo.DBInit                  : Customer(id=1, firstName=Jack, lastName=Bauer)
2022-10-06 21:23:59.763  INFO 60572 --- [    Test worker] com.cos.fluxdemo.DBInit                  : Customer(id=2, firstName=Chloe, lastName=O'Brian)
2022-10-06 21:23:59.763  INFO 60572 --- [    Test worker] com.cos.fluxdemo.DBInit                  : Customer(id=3, firstName=Kim, lastName=Bauer)
2022-10-06 21:23:59.764  INFO 60572 --- [    Test worker] com.cos.fluxdemo.DBInit                  : Customer(id=4, firstName=David, lastName=Palmer)
2022-10-06 21:23:59.765  INFO 60572 --- [    Test worker] com.cos.fluxdemo.DBInit                  : Customer(id=5, firstName=Michelle, lastName=Dessler)
2022-10-06 21:23:59.766  INFO 60572 --- [    Test worker] com.cos.fluxdemo.DBInit                  : 
2022-10-06 21:23:59.782  INFO 60572 --- [    Test worker] com.cos.fluxdemo.DBInit                  : Customer found with findById(1L):
2022-10-06 21:23:59.783  INFO 60572 --- [    Test worker] com.cos.fluxdemo.DBInit                  : --------------------------------
2022-10-06 21:23:59.783  INFO 60572 --- [    Test worker] com.cos.fluxdemo.DBInit                  : Customer(id=1, firstName=Jack, lastName=Bauer)
2022-10-06 21:23:59.783  INFO 60572 --- [    Test worker] com.cos.fluxdemo.DBInit                  : 
2022-10-06 21:23:59.784  INFO 60572 --- [    Test worker] com.cos.fluxdemo.DBInit                  : Customer found with findByLastName('Bauer'):
2022-10-06 21:23:59.784  INFO 60572 --- [    Test worker] com.cos.fluxdemo.DBInit                  : --------------------------------------------
2022-10-06 21:23:59.805  INFO 60572 --- [    Test worker] com.cos.fluxdemo.DBInit                  : Customer(id=1, firstName=Jack, lastName=Bauer)
2022-10-06 21:23:59.806  INFO 60572 --- [    Test worker] com.cos.fluxdemo.DBInit                  : Customer(id=3, firstName=Kim, lastName=Bauer)
2022-10-06 21:23:59.807  INFO 60572 --- [    Test worker] com.cos.fluxdemo.DBInit                  : 
-----------
Customer(id=1, firstName=Jack, lastName=Bauer)
Customer(id=2, firstName=Chloe, lastName=O'Brian)
Customer(id=3, firstName=Kim, lastName=Bauer)
Customer(id=4, firstName=David, lastName=Palmer)
Customer(id=5, firstName=Michelle, lastName=Dessler)
]]></system-out>
  <system-err><![CDATA[]]></system-err>
</testsuite>
